SF:lib/core/network/backup_manager.dart
DA:13,0
DA:21,0
DA:22,0
DA:23,0
DA:24,0
DA:25,0
DA:26,0
DA:29,0
DA:30,0
DA:31,0
DA:32,0
DA:33,0
DA:34,0
DA:35,0
DA:43,0
DA:44,0
DA:45,0
DA:47,0
DA:50,0
DA:51,0
DA:53,0
DA:54,0
DA:57,0
DA:58,0
DA:59,0
DA:60,0
DA:62,0
DA:64,0
DA:65,0
DA:68,0
DA:69,0
DA:70,0
DA:72,0
DA:73,0
DA:75,0
DA:76,0
DA:79,0
DA:80,0
DA:81,0
DA:82,0
LF:40
LH:0
end_of_record
SF:lib/core/network/network_client.dart
DA:15,0
DA:16,0
DA:20,0
DA:21,0
DA:26,0
DA:29,0
DA:30,0
DA:31,0
DA:32,0
DA:50,0
DA:53,0
DA:55,0
DA:56,0
DA:57,0
LF:14
LH:0
end_of_record
SF:lib/features/account/domain/models/account.dart
DA:15,0
DA:16,0
LF:2
LH:0
end_of_record
SF:lib/features/account/domain/models/account.g.dart
DA:9,0
DA:10,0
DA:11,0
DA:12,0
DA:13,0
DA:16,0
DA:17,0
DA:18,0
DA:19,0
DA:20,0
LF:10
LH:0
end_of_record
SF:lib/features/transactions/data/models/mappers.dart
DA:5,0
DA:6,0
DA:7,0
DA:8,0
DA:9,0
DA:10,0
LF:6
LH:0
end_of_record
SF:lib/features/transactions/data/repos/transactions_remote_ds.dart
DA:14,1
DA:16,1
DA:19,3
DA:20,1
DA:21,3
DA:22,4
DA:23,1
DA:24,1
DA:28,1
DA:35,3
DA:36,1
DA:37,1
DA:38,1
DA:39,1
DA:42,2
DA:43,1
DA:45,3
DA:46,4
DA:47,1
DA:48,1
DA:52,0
DA:54,0
DA:57,0
DA:59,0
DA:61,0
DA:62,0
DA:63,0
DA:64,0
DA:68,0
DA:70,0
DA:73,0
DA:74,0
DA:75,0
DA:77,0
DA:78,0
DA:79,0
DA:80,0
DA:84,1
DA:87,4
DA:88,0
DA:89,0
DA:93,1
DA:94,2
DA:95,1
DA:96,0
DA:97,1
DA:98,0
DA:99,1
DA:100,1
DA:101,1
DA:102,1
DA:104,0
LF:52
LH:30
end_of_record
SF:lib/features/transactions/domain/models/category.dart
DA:15,0
LF:1
LH:0
end_of_record
SF:lib/features/transactions/domain/models/category.g.dart
DA:9,0
DA:10,0
DA:11,0
DA:12,0
DA:13,0
DA:16,0
DA:17,0
DA:18,0
DA:19,0
DA:20,0
LF:10
LH:0
end_of_record
SF:lib/features/transactions/domain/models/transaction.dart
DA:19,0
DA:20,0
LF:2
LH:0
end_of_record
SF:lib/features/transactions/domain/models/transaction.g.dart
DA:9,0
DA:10,0
DA:11,0
DA:12,0
DA:13,0
DA:14,0
DA:15,0
DA:18,0
DA:19,0
DA:20,0
DA:21,0
DA:22,0
DA:23,0
DA:24,0
DA:25,0
LF:15
LH:0
end_of_record
SF:lib/core/network/isolate_deserializer_interceptor.dart
DA:7,0
DA:8,0
DA:11,0
DA:14,0
DA:15,0
DA:18,0
DA:19,0
DA:20,0
DA:22,0
DA:23,0
DA:24,0
DA:25,0
DA:30,0
DA:31,0
DA:32,0
DA:40,0
LF:16
LH:0
end_of_record
SF:lib/core/network/retry_interceptor.dart
DA:7,0
DA:9,0
DA:11,0
DA:12,0
DA:15,0
DA:17,0
DA:18,0
DA:21,0
DA:22,0
DA:23,0
DA:26,0
DA:29,0
DA:30,0
DA:32,0
DA:35,0
DA:40,0
DA:41,0
DA:42,0
DA:43,0
DA:51,1
LF:20
LH:1
end_of_record
SF:lib/features/account/data/models/remote/account_brief_dto.dart
DA:16,2
LF:1
LH:1
end_of_record
SF:lib/features/account/data/models/remote/account_brief_dto.g.dart
DA:9,1
DA:10,1
DA:11,2
DA:12,1
DA:13,1
DA:14,1
DA:16,1
DA:19,0
DA:20,0
DA:21,0
DA:22,0
DA:23,0
DA:24,0
LF:13
LH:7
end_of_record
SF:lib/shared/data/converters/string_to_double_converter.dart
DA:4,9
DA:6,1
DA:8,1
DA:11,0
DA:13,0
LF:5
LH:3
end_of_record
SF:lib/features/transactions/data/models/remote/transaction_request_dto.dart
DA:9,0
DA:19,0
LF:2
LH:0
end_of_record
SF:lib/features/transactions/data/models/remote/transaction_request_dto.g.dart
DA:9,0
DA:11,0
DA:12,0
DA:13,0
DA:14,0
DA:15,0
DA:16,0
DA:19,0
DA:21,0
DA:22,0
DA:23,0
DA:24,0
DA:25,0
DA:26,0
LF:14
LH:0
end_of_record
SF:lib/features/transactions/data/models/remote/category_dto.dart
DA:15,2
LF:1
LH:1
end_of_record
SF:lib/features/transactions/data/models/remote/category_dto.g.dart
DA:9,2
DA:10,2
DA:11,1
DA:12,1
DA:13,1
DA:16,0
DA:17,0
DA:18,0
DA:19,0
DA:20,0
DA:21,0
LF:11
LH:5
end_of_record
SF:lib/features/transactions/data/models/remote/transaction_response_dto.dart
DA:22,1
DA:23,1
LF:2
LH:2
end_of_record
SF:lib/features/transactions/data/models/remote/transaction_response_dto.g.dart
DA:9,1
DA:11,1
DA:12,2
DA:13,2
DA:14,2
DA:15,2
DA:16,2
DA:17,1
DA:18,2
DA:19,2
DA:22,0
DA:24,0
DA:25,0
DA:26,0
DA:27,0
DA:28,0
DA:29,0
DA:30,0
DA:31,0
DA:32,0
LF:20
LH:10
end_of_record
SF:lib/shared/data/mappers.dart
DA:10,1
DA:11,5
DA:16,1
DA:17,5
DA:22,1
DA:23,1
DA:24,1
DA:25,2
DA:26,2
DA:27,1
DA:28,1
DA:29,1
LF:12
LH:12
end_of_record
SF:lib/util/log.dart
DA:10,0
DA:11,0
DA:12,0
DA:13,0
DA:19,0
DA:21,3
DA:24,0
DA:25,0
DA:29,1
DA:30,2
DA:34,0
DA:35,0
DA:39,0
DA:40,0
DA:41,0
DA:42,0
DA:43,0
DA:45,0
DA:47,0
DA:48,0
DA:49,0
LF:21
LH:3
end_of_record
